TN:
SF:src/registry.ts
FN:35,(anonymous_0)
FN:44,(anonymous_1)
FN:103,(anonymous_2)
FN:143,(anonymous_3)
FN:152,(anonymous_4)
FN:161,(anonymous_5)
FN:172,(anonymous_6)
FN:188,(anonymous_7)
FN:207,(anonymous_8)
FN:280,(anonymous_9)
FN:362,(anonymous_10)
FN:369,(anonymous_11)
FN:370,(anonymous_12)
FN:379,(anonymous_13)
FN:389,(anonymous_14)
FN:399,(anonymous_15)
FN:421,(anonymous_16)
FN:430,(anonymous_17)
FN:454,(anonymous_18)
FNF:19
FNH:18
FNDA:77,(anonymous_0)
FNDA:76,(anonymous_1)
FNDA:21,(anonymous_2)
FNDA:2,(anonymous_3)
FNDA:3,(anonymous_4)
FNDA:6,(anonymous_5)
FNDA:6,(anonymous_6)
FNDA:1,(anonymous_7)
FNDA:35,(anonymous_8)
FNDA:16,(anonymous_9)
FNDA:3,(anonymous_10)
FNDA:4,(anonymous_11)
FNDA:3,(anonymous_12)
FNDA:22,(anonymous_13)
FNDA:19,(anonymous_14)
FNDA:2,(anonymous_15)
FNDA:2,(anonymous_16)
FNDA:3,(anonymous_17)
FNDA:0,(anonymous_18)
DA:14,3
DA:20,3
DA:22,47
DA:25,47
DA:28,47
DA:36,77
DA:46,76
DA:47,76
DA:48,0
DA:52,76
DA:53,1
DA:64,75
DA:65,90
DA:66,90
DA:67,2
DA:83,73
DA:84,34
DA:85,2
DA:99,32
DA:100,10
DA:101,10
DA:102,10
DA:103,21
DA:104,16
DA:105,1
DA:124,70
DA:129,70
DA:132,70
DA:133,85
DA:136,70
DA:144,2
DA:153,3
DA:162,6
DA:163,6
DA:164,1
DA:167,5
DA:168,5
DA:169,0
DA:172,6
DA:173,5
DA:174,0
DA:177,5
DA:189,1
DA:191,1
DA:192,3
DA:193,3
DA:194,3
DA:198,1
DA:209,35
DA:210,35
DA:211,1
DA:221,34
DA:222,24
DA:224,34
DA:227,34
DA:228,34
DA:229,1
DA:238,33
DA:239,33
DA:240,10
DA:242,10
DA:243,10
DA:244,1
DA:248,33
DA:249,1
DA:260,32
DA:266,32
DA:282,16
DA:283,16
DA:284,1
DA:294,15
DA:295,15
DA:296,0
DA:305,15
DA:306,15
DA:307,1
DA:316,14
DA:317,14
DA:318,23
DA:320,7
DA:321,7
DA:323,7
DA:324,2
DA:325,2
DA:326,2
DA:331,14
DA:332,2
DA:343,12
DA:349,12
DA:363,3
DA:364,3
DA:365,1
DA:368,2
DA:369,4
DA:370,3
DA:380,22
DA:390,19
DA:391,19
DA:400,2
DA:402,2
DA:403,4
DA:405,2
DA:406,1
DA:407,1
DA:408,1
DA:413,2
DA:422,2
DA:423,2
DA:424,1
DA:427,1
DA:428,1
DA:430,1
DA:431,3
DA:432,3
DA:434,3
DA:435,3
DA:437,3
DA:438,2
DA:439,2
DA:443,3
DA:446,1
DA:447,1
DA:455,0
DA:456,0
DA:457,0
DA:462,3
LF:126
LH:119
BRDA:47,0,0,0
BRDA:52,1,0,1
BRDA:66,2,0,2
BRDA:84,3,0,2
BRDA:84,4,0,34
BRDA:84,4,1,34
BRDA:99,5,0,10
BRDA:99,6,0,32
BRDA:99,6,1,10
BRDA:101,7,0,10
BRDA:104,8,0,1
BRDA:163,9,0,1
BRDA:168,10,0,0
BRDA:173,11,0,0
BRDA:193,12,0,3
BRDA:210,13,0,1
BRDA:221,14,0,24
BRDA:228,15,0,1
BRDA:240,16,0,0
BRDA:243,17,0,1
BRDA:248,18,0,1
BRDA:283,19,0,1
BRDA:295,20,0,0
BRDA:306,21,0,1
BRDA:318,22,0,16
BRDA:318,23,0,23
BRDA:318,23,1,21
BRDA:321,24,0,0
BRDA:324,25,0,2
BRDA:324,26,0,2
BRDA:324,26,1,2
BRDA:331,27,0,2
BRDA:364,28,0,1
BRDA:391,29,0,19
BRDA:391,29,1,3
BRDA:403,30,0,2
BRDA:406,31,0,1
BRDA:423,32,0,1
BRDA:431,33,0,0
BRDA:435,34,0,0
BRDA:438,35,0,2
BRF:41
BRH:33
end_of_record
TN:
SF:src/validator.ts
FN:23,createValidator
FN:43,validateManifest
FN:142,isValidModuleId
FN:151,isValidSemver
FN:160,isValidCapabilityId
FN:169,extractModuleClass
FNF:6
FNH:6
FNDA:92,createValidator
FNDA:92,validateManifest
FNDA:9,isValidModuleId
FNDA:10,isValidSemver
FNDA:8,isValidCapabilityId
FNDA:7,extractModuleClass
DA:6,4
DA:7,4
DA:9,4
DA:12,4
DA:15,4
DA:18,4
DA:24,92
DA:34,92
DA:35,92
DA:43,4
DA:44,92
DA:47,92
DA:48,92
DA:49,92
DA:51,92
DA:52,4
DA:53,10
DA:66,92
DA:67,4
DA:71,88
DA:74,88
DA:75,88
DA:76,88
DA:77,88
DA:78,1
DA:92,88
DA:93,88
DA:94,106
DA:95,1
DA:102,106
DA:106,88
DA:107,37
DA:108,1
DA:118,88
DA:119,88
DA:120,37
DA:121,1
DA:128,37
DA:131,88
DA:142,4
DA:143,9
DA:151,4
DA:152,10
DA:160,4
DA:161,8
DA:169,4
DA:170,7
DA:171,7
LF:48
LH:48
BRDA:51,0,0,4
BRDA:51,1,0,92
BRDA:51,1,1,4
BRDA:55,2,0,10
BRDA:55,2,1,0
BRDA:56,3,0,10
BRDA:56,3,1,8
BRDA:66,4,0,4
BRDA:75,5,0,88
BRDA:77,6,0,1
BRDA:94,7,0,1
BRDA:107,8,0,1
BRDA:120,9,0,1
BRDA:171,10,0,5
BRDA:171,10,1,2
BRF:15
BRH:14
end_of_record
